[2026-02-04 09:01:06] ==================================================
[2026-02-04 09:01:06] 멀티 전략 봇 실행
[2026-02-04 09:01:06] ❌ API 키 없음. 환경변수 설정 필요.
[2026-02-04 09:01:10] ==================================================
[2026-02-04 09:01:10] 멀티 전략 봇 실행
[2026-02-04 09:01:10] 📊 분석 결과:
[2026-02-04 09:01:10]    가격: $75,681.86
[2026-02-04 09:01:10]    RSI(14): 23.41
[2026-02-04 09:01:10]    RSI(7): 10.63
[2026-02-04 09:01:10]    BB: 78487 / 87579 / 96670
[2026-02-04 09:01:10] 💰 잔고: $7,150.52
[2026-02-04 09:01:10] 📈 포지션: LONG 0.091 BTC @ $78,258.00
[2026-02-04 09:01:10]    손익: $-238.23
[2026-02-04 09:01:10] ==================================================
[2026-02-05 09:01:04] ==================================================
[2026-02-05 09:01:04] 멀티 전략 봇 실행
[2026-02-05 09:01:04] ❌ API 키 없음. 환경변수 설정 필요.
[2026-02-05 09:01:13] ==================================================
[2026-02-05 09:01:13] 멀티 전략 봇 실행
[2026-02-05 09:01:13] 📊 분석 결과:
[2026-02-05 09:01:13]    가격: $73,149.87
[2026-02-05 09:01:13]    RSI(14): 17.91
[2026-02-05 09:01:13]    RSI(7): 9.0
[2026-02-05 09:01:13]    BB: 76626 / 86457 / 96287
[2026-02-05 09:01:13] 💰 잔고: $5,149.35
[2026-02-05 09:01:13] 📈 포지션: LONG 0.091 BTC @ $78,258.00
[2026-02-05 09:01:13]    손익: $-466.99
[2026-02-05 09:01:13] ==================================================
